<?xml version="1.0" encoding="UTF-8"?>
<testsuite errors="0" failures="0" hostname="ZhengMin-PC" name="edu.buaa.test.ParkingManagerTest" tests="5" time="0.0090" timestamp="2012-12-21T15:14:48">
  <properties />
  <testcase classname="edu.buaa.test.ParkingManagerTest" name="testAddParkingBoy" time="0.0010" />
  <testcase classname="edu.buaa.test.ParkingManagerTest" name="testDelParkingBoy" time="0.0" />
  <testcase classname="edu.buaa.test.ParkingManagerTest" name="testshowParkingBoy" time="0.0" />
  <testcase classname="edu.buaa.test.ParkingManagerTest" name="parkManager_ShouldParkCar" time="0.0" />
  <testcase classname="edu.buaa.test.ParkingManagerTest" name="parkManager_ShouldfetchCar" time="0.0" />
  <system-out><![CDATA[显示添加前的停车仔列表：
停车仔1
停车仔2
显示添加后的停车仔列表：
停车仔1
停车仔2
新停车仔
显示删除前的停车仔列表：
停车仔1
停车仔2
显示删除后的停车仔列表：
停车仔1
显示管理的停车仔列表：
停车仔1
停车仔2
]]></system-out>
  <system-err><![CDATA[]]></system-err>
</testsuite>
