<?xml version="1.0" encoding="UTF-8"?>
<testsuite errors="0" failures="0" hostname="ZhengMin-PC" name="edu.buaa.test.ParkingBoyTest_WhenHavingSeveralParkplace" tests="4" time="0.0040" timestamp="2012-12-21T15:14:48">
  <properties />
  <testcase classname="edu.buaa.test.ParkingBoyTest_WhenHavingSeveralParkplace" name="should_park_Sucess_when_park_is_empty" time="0.0" />
  <testcase classname="edu.buaa.test.ParkingBoyTest_WhenHavingSeveralParkplace" name="should_fetch_Sucess_when_park_is_empty" time="0.0" />
  <testcase classname="edu.buaa.test.ParkingBoyTest_WhenHavingSeveralParkplace" name="should_fetch_Sucess_when_park_is_notempty" time="0.0" />
  <testcase classname="edu.buaa.test.ParkingBoyTest_WhenHavingSeveralParkplace" name="should_throwParkFullException_if_park_when_park_is_full" time="0.0" />
  <system-out><![CDATA[]]></system-out>
  <system-err><![CDATA[]]></system-err>
</testsuite>
