<?xml version="1.0" encoding="UTF-8"?>
<testsuite errors="0" failures="0" hostname="ZhengMin-PC" name="edu.buaa.test.ParkingBoyTest" tests="2" time="0.01" timestamp="2012-12-21T15:14:48">
  <properties />
  <testcase classname="edu.buaa.test.ParkingBoyTest" name="parkBoy_ShouldParkCar" time="0.0020" />
  <testcase classname="edu.buaa.test.ParkingBoyTest" name="parkBoy_ShouldfetchCar" time="0.0010" />
  <system-out><![CDATA[]]></system-out>
  <system-err><![CDATA[]]></system-err>
</testsuite>
