<?xml version="1.0" encoding="UTF-8"?>
<testsuite errors="0" failures="0" hostname="ZhengMin-PC" name="edu.buaa.test.HighVacanyTest" tests="2" time="0.16" timestamp="2012-12-21T15:14:48">
  <properties />
  <testcase classname="edu.buaa.test.HighVacanyTest" name="should_park_in_the_high_vacany_parkplace" time="0.02" />
  <testcase classname="edu.buaa.test.HighVacanyTest" name="should_park_in_the_first_parkplace_if_park_highvacany_same" time="0.0" />
  <system-out><![CDATA[]]></system-out>
  <system-err><![CDATA[]]></system-err>
</testsuite>
